2026-02-11 09:34:15,490 [INFO] Activator:176 - 


2026-02-11 09:34:15,493 [INFO] Activator:177 - !SESSION log4j initialized
2026-02-11 09:34:19,201 [ERROR] LogOutputStream:75 - [STDERR_REDIRECT] 
2026-02-11 09:34:22,207 [INFO] LogOutputStream:77 - [STDOUT_REDIRECT] 
2026-02-11 09:34:26,335 [INFO] ApplicationProperties:184 - Using Application install path: /Applications/STM32CubeIDE.app/Contents/Eclipse/plugins/com.st.stm32cube.common.mx_6.14.1.202504091515
2026-02-11 09:34:26,358 [INFO] DbMcusXml:78 - Set database path to: /Applications/STM32CubeIDE.app/Contents/Eclipse/plugins/com.st.stm32cube.common.mx_6.14.1.202504091515//db//mcu/
2026-02-11 09:34:26,358 [INFO] ApiDb:274 - Set plugin database path to: /Applications/STM32CubeIDE.app/Contents/Eclipse/plugins/com.st.stm32cube.common.mx_6.14.1.202504091515//db//plugins/boardmanager/
2026-02-11 09:34:26,359 [WARN] ApiDb:259 - Overriding images path with different value:  => /Applications/STM32CubeIDE.app/Contents/Eclipse/plugins/com.st.stm32cube.common.mx_6.14.1.202504091515//db//plugins/mcufinder/images/
2026-02-11 09:34:26,367 [INFO] ApiDb:250 - Set database path to: /Users/yurihivachenko/.stmcufinder/plugins/mcufinder//mcu/
2026-02-11 09:34:26,369 [INFO] DbMcusAds:125 - Set database path to: /Users/yurihivachenko/.stmcufinder/plugins/mcufinder//mcu/
2026-02-11 09:34:26,371 [INFO] CrossReferenceDbSqlite:203 - Set database path to: /Users/yurihivachenko/.stmcufinder/plugins/mcufinder//mcu/cs/
2026-02-11 09:34:26,584 [INFO] RulesReader:64 - Compatibility file has been processed (302 Rules)
2026-02-11 09:34:26,710 [INFO] DbMcusXml:78 - Set database path to: /Applications/STM32CubeIDE.app/Contents/Eclipse/plugins/com.st.stm32cube.common.mx_6.14.1.202504091515//db//mcu/
2026-02-11 09:34:26,710 [INFO] ApiDb:274 - Set plugin database path to: /Applications/STM32CubeIDE.app/Contents/Eclipse/plugins/com.st.stm32cube.common.mx_6.14.1.202504091515//db//plugins/boardmanager/
2026-02-11 09:34:26,710 [INFO] ApiDb:261 - Set plugin images path to: /Applications/STM32CubeIDE.app/Contents/Eclipse/plugins/com.st.stm32cube.common.mx_6.14.1.202504091515//db//plugins/mcufinder/images/
2026-02-11 09:34:26,711 [WARN] DbFile:41 - Overriding database path with different value: /Users/yurihivachenko/.stmcufinder/plugins/mcufinder/ => /Users/yurihivachenko/.stmcufinder/plugins/mcufinder
2026-02-11 09:34:26,711 [INFO] ApiDb:250 - Set database path to: /Users/yurihivachenko/.stmcufinder/plugins/mcufinder//mcu/
2026-02-11 09:34:26,711 [WARN] DbFile:41 - Overriding database path with different value: /Users/yurihivachenko/.stmcufinder/plugins/mcufinder/ => /Users/yurihivachenko/.stmcufinder/plugins/mcufinder
2026-02-11 09:34:26,711 [INFO] DbMcusAds:125 - Set database path to: /Users/yurihivachenko/.stmcufinder/plugins/mcufinder//mcu/
2026-02-11 09:34:26,711 [WARN] DbFile:41 - Overriding database path with different value: /Users/yurihivachenko/.stmcufinder/plugins/mcufinder/ => /Users/yurihivachenko/.stmcufinder/plugins/mcufinder
2026-02-11 09:34:26,712 [WARN] DbFile:41 - Overriding database path with different value: /Users/yurihivachenko/.stmcufinder/plugins/mcufinder/ => /Users/yurihivachenko/.stmcufinder/plugins/mcufinder
2026-02-11 09:34:26,712 [INFO] CrossReferenceDbSqlite:203 - Set database path to: /Users/yurihivachenko/.stmcufinder/plugins/mcufinder//mcu/cs/
2026-02-11 09:34:26,813 [INFO] MainPanel:272 - HeapMemory: 268435456
2026-02-11 09:34:27,739 [INFO] DbMcusXml:78 - Set database path to: /Applications/STM32CubeIDE.app/Contents/Eclipse/plugins/com.st.stm32cube.common.mx_6.14.1.202504091515//db//mcu/
2026-02-11 09:34:27,740 [INFO] ApiDb:274 - Set plugin database path to: /Applications/STM32CubeIDE.app/Contents/Eclipse/plugins/com.st.stm32cube.common.mx_6.14.1.202504091515//db//plugins/boardmanager/
2026-02-11 09:34:27,740 [INFO] ApiDb:261 - Set plugin images path to: /Applications/STM32CubeIDE.app/Contents/Eclipse/plugins/com.st.stm32cube.common.mx_6.14.1.202504091515//db//plugins/mcufinder/images/
2026-02-11 09:34:27,741 [WARN] DbFile:41 - Overriding database path with different value: /Users/yurihivachenko/.stmcufinder/plugins/mcufinder/ => /Users/yurihivachenko/.stmcufinder/plugins/mcufinder
2026-02-11 09:34:27,741 [INFO] ApiDb:250 - Set database path to: /Users/yurihivachenko/.stmcufinder/plugins/mcufinder//mcu/
2026-02-11 09:34:27,741 [WARN] DbFile:41 - Overriding database path with different value: /Users/yurihivachenko/.stmcufinder/plugins/mcufinder/ => /Users/yurihivachenko/.stmcufinder/plugins/mcufinder
2026-02-11 09:34:27,741 [INFO] DbMcusAds:125 - Set database path to: /Users/yurihivachenko/.stmcufinder/plugins/mcufinder//mcu/
2026-02-11 09:34:27,742 [WARN] DbFile:41 - Overriding database path with different value: /Users/yurihivachenko/.stmcufinder/plugins/mcufinder/ => /Users/yurihivachenko/.stmcufinder/plugins/mcufinder
2026-02-11 09:34:27,742 [WARN] DbFile:41 - Overriding database path with different value: /Users/yurihivachenko/.stmcufinder/plugins/mcufinder/ => /Users/yurihivachenko/.stmcufinder/plugins/mcufinder
2026-02-11 09:34:27,742 [INFO] CrossReferenceDbSqlite:203 - Set database path to: /Users/yurihivachenko/.stmcufinder/plugins/mcufinder//mcu/cs/
2026-02-11 09:34:27,777 [INFO] ApplicationProperties:184 - Using Application install path: /Applications/STM32CubeIDE.app/Contents/Eclipse/plugins/com.st.stm32cube.common.mx_6.14.1.202504091515
2026-02-11 09:34:27,779 [INFO] PluginManage:196 - Search for loadable plugins [exclusion list=, ]
2026-02-11 09:34:27,782 [INFO] PluginManage:310 - Check plugin analytics
2026-02-11 09:34:28,157 [INFO] AnalyticsPlugin:253 - Accepted Software Licenses: STM32CubeMX.6.14.1
2026-02-11 09:34:28,158 [INFO] AnalyticsPlugin:255 - Accepted CMSIS Pack Licenses: 
2026-02-11 09:34:28,158 [INFO] AnalyticsPlugin:257 - Accepted Firmware Licenses: FW.F4.1.28.0
2026-02-11 09:34:28,179 [INFO] PluginManage:359 - Loaded plugin analytics (category:tool,tabindex:-1)
2026-02-11 09:34:28,181 [INFO] PluginManage:310 - Check plugin cadmodel
2026-02-11 09:34:28,199 [INFO] CADModel:105 - Init CAD model plugin
2026-02-11 09:34:28,200 [INFO] PluginManage:359 - Loaded plugin cadmodel (category:power,tabindex:5)
2026-02-11 09:34:28,201 [INFO] PluginManage:310 - Check plugin clock
2026-02-11 09:34:28,215 [INFO] PluginManage:359 - Loaded plugin clock (category:base,tabindex:2)
2026-02-11 09:34:28,216 [INFO] PluginManage:310 - Check plugin ddr
2026-02-11 09:34:28,219 [INFO] PluginManage:359 - Loaded plugin ddr (category:tool,tabindex:6)
2026-02-11 09:34:28,219 [INFO] PluginManage:310 - Check plugin filemanager
2026-02-11 09:34:29,065 [INFO] PluginManage:359 - Loaded plugin filemanager (category:base,tabindex:10)
2026-02-11 09:34:29,071 [INFO] PluginManage:310 - Check plugin ipmanager
2026-02-11 09:34:29,163 [INFO] PluginManage:359 - Loaded plugin ipmanager (category:base,tabindex:5)
2026-02-11 09:34:29,166 [INFO] PluginManage:310 - Check plugin lpbam
2026-02-11 09:34:29,208 [INFO] PluginManage:359 - Loaded plugin lpbam (category:base,tabindex:0)
2026-02-11 09:34:29,209 [INFO] PluginManage:310 - Check plugin memorymap
2026-02-11 09:34:29,231 [INFO] PluginManage:359 - Loaded plugin memorymap (category:base,tabindex:4)
2026-02-11 09:34:29,231 [INFO] PluginManage:310 - Check plugin pinoutandconfiguration
2026-02-11 09:34:29,243 [INFO] PluginManage:359 - Loaded plugin pinoutandconfiguration (category:base,tabindex:1)
2026-02-11 09:34:29,243 [INFO] PluginManage:310 - Check plugin pinoutconfig
2026-02-11 09:34:29,407 [WARN] SupportedApi:132 - Cannot load RTOS API schema: s4s-elt-must-match.1: The content of 'definitions' must match (annotation?, (simpleType | complexType)?, (unique | key | keyref)*)). A problem was found starting at: attribute.
2026-02-11 09:34:29,721 [INFO] PluginManage:359 - Loaded plugin pinoutconfig (category:base,tabindex:0)
2026-02-11 09:34:29,722 [INFO] PluginManage:310 - Check plugin power
2026-02-11 09:34:29,747 [INFO] PluginManage:359 - Loaded plugin power (category:power,tabindex:4)
2026-02-11 09:34:29,747 [INFO] PluginManage:310 - Check plugin projectmanager
2026-02-11 09:34:29,796 [INFO] PluginManage:359 - Loaded plugin projectmanager (category:projectmanager,tabindex:4)
2026-02-11 09:34:29,797 [INFO] PluginManage:310 - Check plugin rif
2026-02-11 09:34:29,804 [INFO] PluginManage:359 - Loaded plugin rif (category:base,tabindex:3)
2026-02-11 09:34:29,804 [INFO] PluginManage:310 - Check plugin thirdparty
2026-02-11 09:34:30,141 [INFO] PluginManage:359 - Loaded plugin thirdparty (category:base,tabindex:-1)
2026-02-11 09:34:30,142 [INFO] PluginManage:310 - Check plugin tools
2026-02-11 09:34:30,149 [INFO] PluginManage:359 - Loaded plugin tools (category:base,tabindex:7)
2026-02-11 09:34:30,141 [WARN] IntegrityCheckThread:84 - waiting for thirdparty lock release [integrity check]
2026-02-11 09:34:30,150 [INFO] IntegrityCheckThread:86 - entering critical section [integrity check]
2026-02-11 09:34:30,150 [INFO] PluginManage:310 - Check plugin tutovideos
2026-02-11 09:34:30,152 [INFO] ThirdPartyUpdaterWithRetryManager:70 - Updater plugin not ready yet. [1/15]
2026-02-11 09:34:30,438 [INFO] PluginManage:359 - Loaded plugin tutovideos (category:base,tabindex:-1)
2026-02-11 09:34:30,439 [INFO] PluginManage:310 - Check plugin updater
2026-02-11 09:34:30,485 [INFO] PluginManage:359 - Loaded plugin updater (category:base,tabindex:12)
2026-02-11 09:34:30,485 [INFO] PluginManage:310 - Check plugin userauth
2026-02-11 09:34:30,494 [INFO] UserAuth:118 - Init User Auth plugin
2026-02-11 09:34:30,497 [INFO] PluginManage:359 - Loaded plugin userauth (category:base,tabindex:14)
2026-02-11 09:34:30,499 [INFO] PluginManage:283 - PluginManage : Loaded plugins [18]
2026-02-11 09:34:31,014 [INFO] PinOutPanel:1589 - setPackage(No Configuration,No Configuration)
2026-02-11 09:34:31,147 [INFO] CADModel:165 - CPN selected for project level
2026-02-11 09:34:31,147 [INFO] CADModel:114 - Register for checkConnection events
2026-02-11 09:34:31,167 [INFO] IPUIPlugin:80 - create IPUIPlugin
2026-02-11 09:34:31,170 [INFO] PluginManager:220 - loadIPPluginJar : add mdma
2026-02-11 09:34:31,178 [INFO] IPUIPlugin:80 - create IPUIPlugin
2026-02-11 09:34:31,179 [INFO] PluginManager:220 - loadIPPluginJar : add freertos
2026-02-11 09:34:31,185 [INFO] IPUIPlugin:80 - create IPUIPlugin
2026-02-11 09:34:31,185 [INFO] PluginManager:220 - loadIPPluginJar : add gic
2026-02-11 09:34:31,195 [INFO] IPUIPlugin:80 - create IPUIPlugin
2026-02-11 09:34:31,195 [INFO] PluginManager:220 - loadIPPluginJar : add adc
2026-02-11 09:34:31,198 [INFO] IPUIPlugin:80 - create IPUIPlugin
2026-02-11 09:34:31,198 [INFO] PluginManager:220 - loadIPPluginJar : add gtzc
2026-02-11 09:34:31,199 [INFO] IPUIPlugin:80 - create IPUIPlugin
2026-02-11 09:34:31,199 [INFO] PluginManager:220 - loadIPPluginJar : add quadspi
2026-02-11 09:34:31,201 [INFO] IPUIPlugin:80 - create IPUIPlugin
2026-02-11 09:34:31,201 [INFO] PluginManager:220 - loadIPPluginJar : add aes
2026-02-11 09:34:31,205 [INFO] IPUIPlugin:80 - create IPUIPlugin
2026-02-11 09:34:31,205 [INFO] PluginManager:220 - loadIPPluginJar : add pdm2pcm
2026-02-11 09:34:31,207 [INFO] IPUIPlugin:80 - create IPUIPlugin
2026-02-11 09:34:31,207 [INFO] PluginManager:220 - loadIPPluginJar : add hash
2026-02-11 09:34:31,209 [INFO] IPUIPlugin:80 - create IPUIPlugin
2026-02-11 09:34:31,209 [INFO] PluginManager:220 - loadIPPluginJar : add tim
2026-02-11 09:34:31,210 [INFO] IPUIPlugin:80 - create IPUIPlugin
2026-02-11 09:34:31,210 [INFO] PluginManager:220 - loadIPPluginJar : add tsc
2026-02-11 09:34:31,212 [INFO] IPUIPlugin:80 - create IPUIPlugin
2026-02-11 09:34:31,213 [INFO] PluginManager:220 - loadIPPluginJar : add extmemmanager
2026-02-11 09:34:31,215 [INFO] IPUIPlugin:80 - create IPUIPlugin
2026-02-11 09:34:31,215 [INFO] PluginManager:220 - loadIPPluginJar : add ts
2026-02-11 09:34:31,216 [INFO] IPUIPlugin:80 - create IPUIPlugin
2026-02-11 09:34:31,217 [INFO] PluginManager:220 - loadIPPluginJar : add radio
2026-02-11 09:34:31,220 [INFO] IPUIPlugin:80 - create IPUIPlugin
2026-02-11 09:34:31,221 [INFO] PluginManager:220 - loadIPPluginJar : add can
2026-02-11 09:34:31,223 [INFO] IPUIPlugin:80 - create IPUIPlugin
2026-02-11 09:34:31,223 [INFO] PluginManager:220 - loadIPPluginJar : add dma3
2026-02-11 09:34:31,225 [INFO] IPUIPlugin:80 - create IPUIPlugin
2026-02-11 09:34:31,225 [INFO] PluginManager:220 - loadIPPluginJar : add dfsdm
2026-02-11 09:34:31,227 [INFO] IPUIPlugin:80 - create IPUIPlugin
2026-02-11 09:34:31,227 [INFO] PluginManager:220 - loadIPPluginJar : add spi
2026-02-11 09:34:31,229 [INFO] IPUIPlugin:80 - create IPUIPlugin
2026-02-11 09:34:31,229 [INFO] PluginManager:220 - loadIPPluginJar : add gfxmmu
2026-02-11 09:34:31,232 [INFO] IPUIPlugin:80 - create IPUIPlugin
2026-02-11 09:34:31,232 [INFO] PluginManager:220 - loadIPPluginJar : add genericplugin
2026-02-11 09:34:31,234 [INFO] IPUIPlugin:80 - create IPUIPlugin
2026-02-11 09:34:31,235 [INFO] PluginManager:220 - loadIPPluginJar : add cryp
2026-02-11 09:34:31,238 [INFO] IPUIPlugin:80 - create IPUIPlugin
2026-02-11 09:34:31,238 [INFO] PluginManager:220 - loadIPPluginJar : add gpio
2026-02-11 09:34:31,241 [INFO] IPUIPlugin:80 - create IPUIPlugin
2026-02-11 09:34:31,241 [INFO] PluginManager:220 - loadIPPluginJar : add ddr_ctrl_phy
2026-02-11 09:34:31,244 [INFO] IPUIPlugin:80 - create IPUIPlugin
2026-02-11 09:34:31,244 [INFO] PluginManager:220 - loadIPPluginJar : add comp
2026-02-11 09:34:31,247 [INFO] IPUIPlugin:80 - create IPUIPlugin
2026-02-11 09:34:31,248 [INFO] PluginManager:220 - loadIPPluginJar : add tracer_emb
2026-02-11 09:34:31,251 [INFO] IPUIPlugin:80 - create IPUIPlugin
2026-02-11 09:34:31,251 [INFO] PluginManager:220 - loadIPPluginJar : add openamp
2026-02-11 09:34:31,257 [INFO] IPUIPlugin:80 - create IPUIPlugin
2026-02-11 09:34:31,257 [INFO] PluginManager:220 - loadIPPluginJar : add stm32_wpan
2026-02-11 09:34:31,263 [INFO] IPUIPlugin:80 - create IPUIPlugin
2026-02-11 09:34:31,267 [INFO] PluginManager:220 - loadIPPluginJar : add plateformsettings
2026-02-11 09:34:31,270 [INFO] IPUIPlugin:80 - create IPUIPlugin
2026-02-11 09:34:31,271 [INFO] PluginManager:220 - loadIPPluginJar : add ipddr
2026-02-11 09:34:31,273 [INFO] IPUIPlugin:80 - create IPUIPlugin
2026-02-11 09:34:31,273 [INFO] PluginManager:220 - loadIPPluginJar : add usart
2026-02-11 09:34:31,274 [INFO] IPUIPlugin:80 - create IPUIPlugin
2026-02-11 09:34:31,274 [INFO] PluginManager:220 - loadIPPluginJar : add ltdc
2026-02-11 09:34:31,278 [INFO] IPUIPlugin:80 - create IPUIPlugin
2026-02-11 09:34:31,278 [INFO] PluginManager:220 - loadIPPluginJar : add nvic
2026-02-11 09:34:31,282 [INFO] IPUIPlugin:80 - create IPUIPlugin
2026-02-11 09:34:31,282 [INFO] PluginManager:220 - loadIPPluginJar : add fatfs
2026-02-11 09:34:31,289 [INFO] IPUIPlugin:80 - create IPUIPlugin
2026-02-11 09:34:31,290 [INFO] PluginManager:220 - loadIPPluginJar : add linkedlist
2026-02-11 09:34:31,295 [INFO] IPUIPlugin:80 - create IPUIPlugin
2026-02-11 09:34:31,295 [INFO] PluginManager:220 - loadIPPluginJar : add dma
2026-02-11 09:34:31,299 [INFO] IPUIPlugin:80 - create IPUIPlugin
2026-02-11 09:34:31,300 [INFO] PluginManager:220 - loadIPPluginJar : add fmc
2026-02-11 09:34:31,302 [INFO] IPUIPlugin:80 - create IPUIPlugin
2026-02-11 09:34:31,303 [INFO] PluginManager:220 - loadIPPluginJar : add i2s
2026-02-11 09:34:31,305 [INFO] IPUIPlugin:80 - create IPUIPlugin
2026-02-11 09:34:31,305 [INFO] PluginManager:220 - loadIPPluginJar : add ucpd
2026-02-11 09:34:31,308 [INFO] IPUIPlugin:80 - create IPUIPlugin
2026-02-11 09:34:31,308 [INFO] PluginManager:220 - loadIPPluginJar : add lorawan
2026-02-11 09:34:31,311 [INFO] IPUIPlugin:80 - create IPUIPlugin
2026-02-11 09:34:31,312 [INFO] PluginManager:220 - loadIPPluginJar : add opamp
2026-02-11 09:34:31,315 [INFO] IPUIPlugin:80 - create IPUIPlugin
2026-02-11 09:34:31,315 [INFO] PluginManager:220 - loadIPPluginJar : add i3c
2026-02-11 09:34:31,321 [INFO] IPUIPlugin:80 - create IPUIPlugin
2026-02-11 09:34:31,321 [INFO] PluginManager:220 - loadIPPluginJar : add touchsensing
2026-02-11 09:34:31,327 [INFO] IPUIPlugin:80 - create IPUIPlugin
2026-02-11 09:34:31,327 [INFO] PluginManager:220 - loadIPPluginJar : add i2c
2026-02-11 09:34:31,331 [INFO] IPUIPlugin:80 - create IPUIPlugin
2026-02-11 09:34:31,331 [INFO] PluginManager:220 - loadIPPluginJar : add resmgrutility
2026-02-11 09:34:31,334 [INFO] IPUIPlugin:80 - create IPUIPlugin
2026-02-11 09:34:31,334 [INFO] PluginManager:220 - loadIPPluginJar : add sai
2026-02-11 09:34:31,336 [INFO] IPUIPlugin:80 - create IPUIPlugin
2026-02-11 09:34:31,336 [INFO] PluginManager:220 - loadIPPluginJar : add usbx
2026-02-11 09:34:31,480 [FATAL] Updater:351 - Updater called before beeing initialized
2026-02-11 09:34:31,571 [INFO] RulesReader:64 - Compatibility file has been processed (302 Rules)
2026-02-11 09:34:31,590 [INFO] RulesReader:64 - Compatibility file has been processed (302 Rules)
2026-02-11 09:34:31,625 [INFO] CADModel:165 - CPN selected for project level
2026-02-11 09:34:31,626 [INFO] CADModel:114 - Register for checkConnection events
2026-02-11 09:34:31,627 [FATAL] Updater:351 - Updater called before beeing initialized
2026-02-11 09:34:31,627 [ERROR] CADModel:125 - Updater not yet initialized, retry later 
2026-02-11 09:34:32,003 [FATAL] Updater:351 - Updater called before beeing initialized
2026-02-11 09:34:32,006 [INFO] CADModel:165 - CPN selected for project level
2026-02-11 09:34:32,006 [INFO] CADModel:114 - Register for checkConnection events
2026-02-11 09:34:32,006 [FATAL] Updater:351 - Updater called before beeing initialized
2026-02-11 09:34:32,006 [ERROR] CADModel:125 - Updater not yet initialized, retry later 
2026-02-11 09:34:32,010 [FATAL] Updater:351 - Updater called before beeing initialized
2026-02-11 09:34:32,331 [FATAL] Updater:351 - Updater called before beeing initialized
2026-02-11 09:34:32,345 [INFO] DbMcusAds:53 - JSON generation date=Tue Dec 16 02:11:46 MSK 2025 (1765840306612)
2026-02-11 09:34:32,346 [FATAL] Updater:351 - Updater called before beeing initialized
2026-02-11 09:34:32,685 [WARN] DetailPanel:346 - Failed to get advertising image, set to default
2026-02-11 09:34:33,162 [INFO] ThirdPartyUpdaterWithRetryManager:70 - Updater plugin not ready yet. [2/15]
2026-02-11 09:34:33,337 [FATAL] Updater:351 - Updater called before beeing initialized
2026-02-11 09:34:33,359 [FATAL] Updater:351 - Updater called before beeing initialized
2026-02-11 09:34:33,360 [FATAL] Updater:351 - Updater called before beeing initialized
2026-02-11 09:34:33,361 [WARN] DetailPanel:346 - Failed to get advertising image, set to default
2026-02-11 09:34:33,365 [FATAL] Updater:351 - Updater called before beeing initialized
2026-02-11 09:34:33,665 [ERROR] Updater:1198 - MainUpdater not yet initialized. External WinMGr cannot be set.
2026-02-11 09:34:33,687 [INFO] Updater:1134 - Updater Version found : 6.14.1
2026-02-11 09:34:33,715 [INFO] ApplicationProperties:184 - Using Application install path: /Applications/STM32CubeIDE.app/Contents/Eclipse/plugins/com.st.stm32cube.common.mx_6.14.1.202504091515
2026-02-11 09:34:34,778 [INFO] MainUpdater:2872 - connection check result : 10
2026-02-11 09:34:34,778 [INFO] MainUpdater:3566 - Updater definition file requires update
2026-02-11 09:34:34,779 [INFO] MainUpdater:289 - Updater Check For Update Now.
2026-02-11 09:34:34,779 [INFO] MicroXplorer:498 - Change Database Version : DB.6.0.141
2026-02-11 09:34:34,792 [INFO] McuFinderGlobals:63 - Set McuFinder mode to 2 (CubeIDE integrated)
2026-02-11 09:34:34,793 [INFO] UserAuth:484 - Internet connection configuration mode: 1
2026-02-11 09:34:34,811 [INFO] JxBrowserEngine:152 - Initiate JxBrowser Engine with user profile folder
2026-02-11 09:34:34,967 [INFO] ServerAccessManage:473 - Download File updaters.zip
2026-02-11 09:34:35,409 [INFO] FileExtend:242 - Unzip File : updaters.zip
2026-02-11 09:34:35,410 [INFO] FileExtend:257 - Standard Zip Deflate
2026-02-11 09:34:35,869 [INFO] ServerAccessManage:473 - Download File PacksControlFlags.xml
2026-02-11 09:34:36,152 [INFO] ServerAccessManage:473 - Download File cubemx.pidx
2026-02-11 09:34:36,170 [WARN] MainUpdater:1193 - Updater busy. Cannot search thirdparties
2026-02-11 09:34:36,170 [INFO] ThirdPartyUpdaterWithRetryManager:96 - Updater plugin is busy. [1/15]
2026-02-11 09:34:37,194 [INFO] ServerAccessManage:473 - Download File STMicroelectronics.FP-SNS-STBOX1.pdsc
2026-02-11 09:34:38,132 [INFO] ServerAccessManage:473 - Download File STMicroelectronics.FP-SNS-MOTENV1.pdsc
2026-02-11 09:34:39,177 [WARN] MainUpdater:1193 - Updater busy. Cannot search thirdparties
2026-02-11 09:34:39,177 [INFO] ThirdPartyUpdaterWithRetryManager:96 - Updater plugin is busy. [2/15]
2026-02-11 09:34:39,628 [INFO] ServerAccessManage:473 - Download File STMicroelectronics.X-CUBE-AI.pdsc
2026-02-11 09:34:41,428 [INFO] WebApp:169 - Instantiating new browser for Auth
2026-02-11 09:34:42,183 [WARN] MainUpdater:1193 - Updater busy. Cannot search thirdparties
2026-02-11 09:34:42,184 [INFO] ThirdPartyUpdaterWithRetryManager:96 - Updater plugin is busy. [3/15]
2026-02-11 09:34:43,850 [INFO] ServerAccessManage:473 - Download File STMicroelectronics.X-CUBE-BLEMGR.pdsc
2026-02-11 09:34:44,161 [INFO] WebApp:463 - Apply proxy settings
2026-02-11 09:34:44,169 [INFO] WebApp:508 - Chromium authenticates against Manually configured proxy
2026-02-11 09:34:44,194 [INFO] WebApp:516 - Username used for proxy authentication: 
2026-02-11 09:34:44,272 [INFO] WebApp:894 - Register for checkConnection events
2026-02-11 09:34:44,272 [INFO] WebApp:463 - Apply proxy settings
2026-02-11 09:34:44,276 [INFO] WebApp:508 - Chromium authenticates against Manually configured proxy
2026-02-11 09:34:44,277 [INFO] WebApp:516 - Username used for proxy authentication: 
2026-02-11 09:34:44,561 [INFO] WebApp:225 - Starting web application
2026-02-11 09:34:44,562 [INFO] WebApp:593 - Web application path used /Applications/STM32CubeIDE.app/Contents/Eclipse/plugins/com.st.stm32cube.common.mx_6.14.1.202504091515/db/plugins/mcufinder/reactClient1/index.html
2026-02-11 09:34:44,665 [ERROR] ServerAccessManage:1089 - Problem, file not found on Server
2026-02-11 09:34:45,184 [WARN] MainUpdater:1193 - Updater busy. Cannot search thirdparties
2026-02-11 09:34:45,185 [INFO] ThirdPartyUpdaterWithRetryManager:96 - Updater plugin is busy. [4/15]
2026-02-11 09:34:45,770 [INFO] UserAuth:484 - Internet connection configuration mode: 1
2026-02-11 09:34:46,163 [INFO] WebApp:191 - Connection restablished
2026-02-11 09:34:46,866 [INFO] ServerAccessManage:473 - Download File STMicroelectronics.X-CUBE-EEPRMA1.pdsc
2026-02-11 09:34:47,486 [ERROR] ServerAccessManage:1089 - Problem, file not found on Server
2026-02-11 09:34:48,190 [WARN] MainUpdater:1193 - Updater busy. Cannot search thirdparties
2026-02-11 09:34:48,190 [INFO] ThirdPartyUpdaterWithRetryManager:96 - Updater plugin is busy. [5/15]
2026-02-11 09:34:48,202 [ERROR] ServerAccessManage:1089 - Problem, file not found on Server
2026-02-11 09:34:48,993 [INFO] ServerAccessManage:473 - Download File STMicroelectronics.X-CUBE-FREERTOS.pdsc
2026-02-11 09:34:50,454 [INFO] ServerAccessManage:473 - Download File STMicroelectronics.X-CUBE-GNSS1.pdsc
2026-02-11 09:34:51,196 [WARN] MainUpdater:1193 - Updater busy. Cannot search thirdparties
2026-02-11 09:34:51,199 [INFO] ThirdPartyUpdaterWithRetryManager:96 - Updater plugin is busy. [6/15]
2026-02-11 09:34:53,042 [ERROR] ServerAccessManage:1089 - Problem, file not found on Server
2026-02-11 09:34:53,265 [ERROR] ServerAccessManage:1089 - Problem, file not found on Server
2026-02-11 09:34:53,619 [ERROR] ServerAccessManage:1089 - Problem, file not found on Server
2026-02-11 09:34:53,964 [ERROR] ServerAccessManage:1089 - Problem, file not found on Server
2026-02-11 09:34:54,206 [WARN] MainUpdater:1193 - Updater busy. Cannot search thirdparties
2026-02-11 09:34:54,206 [INFO] ThirdPartyUpdaterWithRetryManager:96 - Updater plugin is busy. [7/15]
2026-02-11 09:34:54,384 [ERROR] ServerAccessManage:1089 - Problem, file not found on Server
2026-02-11 09:34:54,662 [ERROR] ServerAccessManage:1089 - Problem, file not found on Server
2026-02-11 09:34:54,988 [INFO] ServerAccessManage:473 - Download File STMicroelectronics.X-CUBE-IPS.pdsc
2026-02-11 09:34:55,868 [INFO] ServerAccessManage:473 - Download File STMicroelectronics.X-CUBE-MEMS1.pdsc
2026-02-11 09:34:57,211 [WARN] MainUpdater:1193 - Updater busy. Cannot search thirdparties
2026-02-11 09:34:57,213 [INFO] ThirdPartyUpdaterWithRetryManager:96 - Updater plugin is busy. [8/15]
2026-02-11 09:35:00,220 [WARN] MainUpdater:1193 - Updater busy. Cannot search thirdparties
2026-02-11 09:35:00,221 [INFO] ThirdPartyUpdaterWithRetryManager:96 - Updater plugin is busy. [9/15]
2026-02-11 09:35:01,386 [INFO] ServerAccessManage:473 - Download File STMicroelectronics.X-CUBE-NFC6.pdsc
2026-02-11 09:35:02,188 [INFO] ServerAccessManage:473 - Download File STMicroelectronics.X-CUBE-NFC12.pdsc
2026-02-11 09:35:02,640 [INFO] ServerAccessManage:473 - Download File STMicroelectronics.X-CUBE-ST60.pdsc
2026-02-11 09:35:03,183 [INFO] ServerAccessManage:473 - Download File STMicroelectronics.X-CUBE-ST67W61.pdsc
2026-02-11 09:35:03,226 [WARN] MainUpdater:1193 - Updater busy. Cannot search thirdparties
2026-02-11 09:35:03,227 [INFO] ThirdPartyUpdaterWithRetryManager:96 - Updater plugin is busy. [10/15]
2026-02-11 09:35:03,597 [INFO] ServerAccessManage:473 - Download File STMicroelectronics.X-CUBE-STSE01.pdsc
2026-02-11 09:35:04,303 [INFO] ServerAccessManage:473 - Download File STMicroelectronics.X-CUBE-TOUCHGFX.pdsc
2026-02-11 09:35:06,232 [WARN] MainUpdater:1193 - Updater busy. Cannot search thirdparties
2026-02-11 09:35:06,232 [INFO] ThirdPartyUpdaterWithRetryManager:96 - Updater plugin is busy. [11/15]
2026-02-11 09:35:09,210 [INFO] ServerAccessManage:473 - Download File STMicroelectronics.X-CUBE-AZRTOS-H7.pdsc
2026-02-11 09:35:09,237 [WARN] MainUpdater:1193 - Updater busy. Cannot search thirdparties
2026-02-11 09:35:09,238 [INFO] ThirdPartyUpdaterWithRetryManager:96 - Updater plugin is busy. [12/15]
2026-02-11 09:35:11,301 [INFO] ServerAccessManage:473 - Download File STMicroelectronics.X-CUBE-AZRTOS-H7RS.pdsc
2026-02-11 09:35:12,243 [WARN] MainUpdater:1193 - Updater busy. Cannot search thirdparties
2026-02-11 09:35:12,243 [INFO] ThirdPartyUpdaterWithRetryManager:96 - Updater plugin is busy. [13/15]
2026-02-11 09:35:13,375 [INFO] ServerAccessManage:473 - Download File Avnet-IOTCONNECT.X-CUBE-iotc-st67-sdk.pdsc
2026-02-11 09:35:13,786 [WARN] PopulateThirdPartyThread:106 - Error when creating pack: /Users/yurihivachenko/.stm32cubemx/thirdparties/pdsc/STMicroelectronics.FP-SNS-STBOX1.pdsc
2026-02-11 09:35:14,444 [WARN] PopulateThirdPartyThread:106 - Error when creating pack: /Users/yurihivachenko/.stm32cubemx/thirdparties/pdsc/STMicroelectronics.FP-SNS-MOTENV1.pdsc
2026-02-11 09:35:14,862 [WARN] PackLoader:240 - Cannot read IP mode file for STMicroelectronics.X-CUBE-AI.10.2.0
2026-02-11 09:35:15,125 [WARN] PackLoader:240 - Cannot read IP mode file for STMicroelectronics.X-CUBE-BLEMGR.4.1.0
2026-02-11 09:35:15,180 [INFO] CheckServerUpdateThread:120 - End of CheckServer Thread
2026-02-11 09:35:15,469 [WARN] PackLoader:240 - Cannot read IP mode file for STMicroelectronics.X-CUBE-EEPRMA1.5.2.0
2026-02-11 09:35:15,525 [WARN] PopulateThirdPartyThread:106 - Error when creating pack: /Users/yurihivachenko/.stm32cubemx/thirdparties/pdsc/STMicroelectronics.X-CUBE-FREERTOS.pdsc
2026-02-11 09:35:15,589 [WARN] PackLoader:240 - Cannot read IP mode file for STMicroelectronics.X-CUBE-GNSS1.7.1.0
2026-02-11 09:35:15,634 [WARN] PopulateThirdPartyThread:106 - Error when creating pack: /Users/yurihivachenko/.stm32cubemx/thirdparties/pdsc/STMicroelectronics.X-CUBE-IPS.pdsc
2026-02-11 09:35:15,942 [WARN] PackLoader:240 - Cannot read IP mode file for STMicroelectronics.FP-SNS-MOTENVWB1.1.4.0
2026-02-11 09:35:15,984 [WARN] PackLoader:240 - Cannot read IP mode file for STMicroelectronics.FP-ATR-ASTRA1.2.0.2
2026-02-11 09:35:15,999 [WARN] PackLoader:240 - Cannot read IP mode file for STMicroelectronics.X-CUBE-SMBUS.2.1.0
2026-02-11 09:35:16,012 [WARN] PackLoader:240 - Cannot read IP mode file for STMicroelectronics.X-CUBE-MEMS1.12.0.0
2026-02-11 09:35:16,012 [WARN] PackLoader:240 - Cannot read IP mode file for STMicroelectronics.X-CUBE-ST60.1.0.0
2026-02-11 09:35:16,087 [WARN] PackLoader:240 - Cannot read IP mode file for STMicroelectronics.X-CUBE-AZRTOS-F7.1.1.0
2026-02-11 09:35:16,111 [ERROR] Engine:466 - /Users/yurihivachenko/.stm32cubemx/thirdparties/pdsc/STMicroelectronics.FP-SNS-MOTENV1.5.1.0.pdsc: PDSC version is not supported
2026-02-11 09:35:16,183 [WARN] PackLoader:240 - Cannot read IP mode file for Infineon.AIROC-Wi-Fi-Bluetooth-STM32.1.7.0
2026-02-11 09:35:16,267 [WARN] PackLoader:240 - Cannot read IP mode file for STMicroelectronics.X-CUBE-AZRTOS-H7.3.4.0
2026-02-11 09:35:16,268 [WARN] PackLoader:240 - Cannot read IP mode file for STMicroelectronics.X-CUBE-NFC6.3.2.0
2026-02-11 09:35:16,290 [WARN] PackLoader:240 - Cannot read IP mode file for STMicroelectronics.X-CUBE-NFC12.1.0.0
2026-02-11 09:35:16,297 [WARN] PackLoader:240 - Cannot read IP mode file for STMicroelectronics.X-CUBE-DISPLAY.3.0.0
2026-02-11 09:35:16,303 [WARN] PackLoader:240 - Cannot read IP mode file for STMicroelectronics.X-CUBE-ST60.1.1.0
2026-02-11 09:35:16,310 [WARN] PopulateThirdPartyThread:106 - Error when creating pack: /Users/yurihivachenko/.stm32cubemx/thirdparties/pdsc/STMicroelectronics.X-CUBE-ST67W61.pdsc
2026-02-11 09:35:16,318 [WARN] PackLoader:240 - Cannot read IP mode file for STMicroelectronics.X-CUBE-NFC10.1.0.0
2026-02-11 09:35:16,343 [WARN] PackLoader:240 - Cannot read IP mode file for STMicroelectronics.X-CUBE-STSE01.2.0.0
2026-02-11 09:35:16,352 [WARN] PackLoader:240 - Cannot read IP mode file for STMicroelectronics.X-CUBE-TOUCHGFX.4.26.0
2026-02-11 09:35:16,363 [WARN] PackLoader:240 - Cannot read IP mode file for STMicroelectronics.X-CUBE-BLEMGR.4.0.0
2026-02-11 09:35:16,381 [WARN] PackLoader:240 - Cannot read IP mode file for STMicroelectronics.X-CUBE-ST60.1.1.0
2026-02-11 09:35:16,389 [WARN] PackLoader:240 - Cannot read IP mode file for emotas.I-CUBE-CANOPEN.1.3.0
2026-02-11 09:35:16,394 [WARN] PackLoader:240 - Cannot read IP mode file for STMicroelectronics.X-CUBE-AZRTOS-H7.3.4.0
2026-02-11 09:35:16,399 [WARN] PackLoader:240 - Cannot read IP mode file for STMicroelectronics.X-CUBE-GNSS1.7.1.0
2026-02-11 09:35:16,411 [WARN] ConditionMgr:438 - getConditionDescription Invalid condition id : Cortex-A Device cause : null
2026-02-11 09:35:16,453 [WARN] PackLoader:240 - Cannot read IP mode file for STMicroelectronics.X-CUBE-AZRTOS-H7RS.1.2.0
2026-02-11 09:35:16,483 [WARN] ConditionMgr:1044 - genDependencies : Invalid condition id : Cortex-A Device cause : null
2026-02-11 09:35:16,484 [WARN] ConditionMgr:1044 - genDependencies : Invalid condition id : Cortex-A Device cause : null
2026-02-11 09:35:16,485 [WARN] ConditionMgr:1044 - genDependencies : Invalid condition id : Cortex-A Device cause : null
2026-02-11 09:35:16,497 [INFO] PopulateThirdPartyThread:66 - Ending populate Thread
2026-02-11 09:35:16,505 [INFO] ThirdParty:1030 - CMSIS Pack Vendor :STMicroelectronics X-CUBE-AZRTOS-H7 3.4.0
2026-02-11 09:35:16,505 [INFO] ThirdParty:1030 - CMSIS Pack Vendor :STMicroelectronics X-CUBE-AI 10.2.0
2026-02-11 09:35:16,505 [INFO] ThirdParty:1030 - CMSIS Pack Vendor :STMicroelectronics X-CUBE-MEMS1 12.0.0
2026-02-11 09:35:16,505 [INFO] ThirdParty:1030 - CMSIS Pack Vendor :STMicroelectronics X-CUBE-STSE01 2.0.0
2026-02-11 09:35:16,506 [INFO] ThirdParty:1030 - CMSIS Pack Vendor :STMicroelectronics X-CUBE-AZRTOS-H7RS 1.2.0
2026-02-11 09:35:16,506 [INFO] ThirdParty:1030 - CMSIS Pack Vendor :STMicroelectronics X-CUBE-BLEMGR 4.1.0
2026-02-11 09:35:16,506 [INFO] ThirdParty:1030 - CMSIS Pack Vendor :STMicroelectronics X-CUBE-EEPRMA1 5.2.0
2026-02-11 09:35:16,506 [INFO] ThirdParty:1030 - CMSIS Pack Vendor :STMicroelectronics X-CUBE-ST60 1.1.0
2026-02-11 09:35:16,506 [INFO] ThirdParty:1030 - CMSIS Pack Vendor :STMicroelectronics X-CUBE-GNSS1 7.1.0
2026-02-11 09:35:16,506 [INFO] ThirdParty:1030 - CMSIS Pack Vendor :Avnet-IOTCONNECT X-CUBE-iotc-st67-sdk 1.0.0
2026-02-11 09:35:16,506 [INFO] ThirdParty:1030 - CMSIS Pack Vendor :STMicroelectronics X-CUBE-NFC12 1.0.0
2026-02-11 09:35:16,506 [INFO] ThirdParty:1030 - CMSIS Pack Vendor :STMicroelectronics X-CUBE-TOUCHGFX 4.26.0
2026-02-11 09:35:16,506 [INFO] ThirdParty:1030 - CMSIS Pack Vendor :STMicroelectronics X-CUBE-NFC6 3.2.0
2026-02-11 09:35:16,506 [ERROR] Engine:466 - /Users/yurihivachenko/.stm32cubemx/thirdparties/pdsc/STMicroelectronics.FP-SNS-STBOX1.2.1.0.pdsc: PDSC version is not supported
2026-02-11 09:35:16,506 [INFO] LoadServerUpdatesThread:375 - End of LoadServerUpdate Thread
2026-02-11 09:35:16,514 [WARN] PackLoader:240 - Cannot read IP mode file for STMicroelectronics.FP-SNS-SMARTAG2.1.2.0
2026-02-11 09:35:16,526 [WARN] PackLoader:240 - Cannot read IP mode file for STMicroelectronics.FP-SNS-FLIGHT1.5.1.0
2026-02-11 09:35:16,558 [INFO] LogOutputStream:77 - [STDOUT_REDIRECT] 1 : Invalid condition id : UX_CORESTACK_Condition cause : null
2026-02-11 09:35:16,563 [INFO] LogOutputStream:77 - [STDOUT_REDIRECT] 1 : Invalid condition id : UX_CORESTACK_Condition cause : null
2026-02-11 09:35:16,563 [INFO] LogOutputStream:77 - [STDOUT_REDIRECT] 1 : Invalid condition id : UX_CORESTACK_Condition cause : null
2026-02-11 09:35:16,564 [INFO] LogOutputStream:77 - [STDOUT_REDIRECT] 1 : Invalid condition id : UX_CORESTACK_Condition cause : null
2026-02-11 09:35:16,564 [INFO] LogOutputStream:77 - [STDOUT_REDIRECT] 1 : Invalid condition id : UX_CORESTACK_Condition cause : null
2026-02-11 09:35:16,576 [WARN] PackLoader:240 - Cannot read IP mode file for STMicroelectronics.X-CUBE-AZRTOS-WL.2.0.0
2026-02-11 09:35:16,593 [WARN] PackLoader:240 - Cannot read IP mode file for STMicroelectronics.FP-SNS-MOTENV1.5.0.0
2026-02-11 09:35:16,649 [WARN] PackLoader:240 - Cannot read IP mode file for STMicroelectronics.X-CUBE-AZRTOS-H7RS.1.2.0
2026-02-11 09:35:16,764 [WARN] PackLoader:240 - Cannot read IP mode file for WES.I-CUBE-Cesium.1.3.0
2026-02-11 09:35:16,797 [WARN] PackLoader:240 - Cannot read IP mode file for STMicroelectronics.X-CUBE-BLE2.3.3.0
2026-02-11 09:35:16,844 [WARN] PackLoader:240 - Cannot read IP mode file for STMicroelectronics.X-CUBE-NFC9.1.0.0
2026-02-11 09:35:16,864 [WARN] PackLoader:240 - Cannot read IP mode file for wolfSSL.I-CUBE-wolfSSL.5.8.0
2026-02-11 09:35:16,871 [WARN] PackLoader:240 - Cannot read IP mode file for STMicroelectronics.X-CUBE-BLE1.7.1.0
2026-02-11 09:35:16,878 [WARN] PackLoader:240 - Cannot read IP mode file for wolfSSL.I-CUBE-wolfMQTT.1.19.2
2026-02-11 09:35:16,881 [ERROR] Engine:466 - /Users/yurihivachenko/.stm32cubemx/thirdparties/pdsc/STMicroelectronics.X-CUBE-FREERTOS.1.4.0.pdsc: PDSC version is not supported
2026-02-11 09:35:16,891 [WARN] PackLoader:240 - Cannot read IP mode file for STMicroelectronics.X-CUBE-EEPRMA1.5.2.0
2026-02-11 09:35:16,906 [WARN] PackLoader:240 - Cannot read IP mode file for STMicroelectronics.X-CUBE-AI.10.1.0
2026-02-11 09:35:17,015 [WARN] PackLoader:240 - Cannot read IP mode file for STMicroelectronics.X-CUBE-MEMS1.12.0.0
2026-02-11 09:35:17,137 [WARN] PackLoader:240 - Cannot read IP mode file for STMicroelectronics.X-CUBE-AZRTOS-G0.1.1.0
2026-02-11 09:35:17,154 [WARN] PackLoader:240 - Cannot read IP mode file for STMicroelectronics.X-CUBE-SAFEA1.1.2.2
2026-02-11 09:35:17,168 [WARN] PackLoader:240 - Cannot read IP mode file for STMicroelectronics.X-CUBE-NFC4.3.0.0
2026-02-11 09:35:17,186 [WARN] PackLoader:240 - Cannot read IP mode file for EmbeddedOffice.I-CUBE-FS-RTOS.1.0.1
2026-02-11 09:35:17,196 [WARN] PackLoader:240 - Cannot read IP mode file for STMicroelectronics.X-CUBE-WB05N.2.0.0
2026-02-11 09:35:17,201 [WARN] PackLoader:240 - Cannot read IP mode file for wolfSSL.I-CUBE-wolfTPM.3.8.0
2026-02-11 09:35:17,208 [WARN] PackLoader:240 - Cannot read IP mode file for STMicroelectronics.X-CUBE-TCPP.4.2.0
2026-02-11 09:35:17,214 [WARN] PackLoader:240 - Cannot read IP mode file for RealThread.X-CUBE-RT-Thread_Nano.4.1.1
2026-02-11 09:35:17,217 [WARN] PackLoader:240 - Cannot read IP mode file for STMicroelectronics.FP-ATR-SIGFOX1.3.2.0
2026-02-11 09:35:17,224 [WARN] PackLoader:240 - Cannot read IP mode file for STMicroelectronics.X-CUBE-EEPRMA1.5.1.0
2026-02-11 09:35:17,233 [WARN] PackLoader:240 - Cannot read IP mode file for ITTIA_DB.I-CUBE-ITTIADB.8.9.0
2026-02-11 09:35:17,256 [WARN] PackLoader:240 - Cannot read IP mode file for STMicroelectronics.X-CUBE-NFC6.3.2.0
2026-02-11 09:35:17,271 [WARN] PackLoader:240 - Cannot read IP mode file for STMicroelectronics.X-CUBE-ST67W61.1.0.0
2026-02-11 09:35:17,279 [WARN] PackLoader:240 - Cannot read IP mode file for STMicroelectronics.X-CUBE-AI.10.2.0
2026-02-11 09:35:17,337 [WARN] PackLoader:240 - Cannot read IP mode file for SEGGER.I-CUBE-embOS.1.3.1
2026-02-11 09:35:17,389 [WARN] PackLoader:240 - Cannot read IP mode file for STMicroelectronics.X-CUBE-ALGOBUILD.1.4.0
2026-02-11 09:35:17,493 [WARN] PackLoader:240 - Cannot read IP mode file for STMicroelectronics.X-CUBE-MEMS1.11.3.0
2026-02-11 09:35:17,800 [WARN] PackLoader:240 - Cannot read IP mode file for STMicroelectronics.X-CUBE-PM33A1.1.0.0
2026-02-11 09:35:19,055 [WARN] PackLoader:240 - Cannot read IP mode file for STMicroelectronics.X-CUBE-AZRTOS-F4.1.1.0
2026-02-11 09:35:19,184 [WARN] PackLoader:240 - Cannot read IP mode file for Avnet-IotConnect.X-CUBE-IoTC-DA16k-PMOD.1.0.0
2026-02-11 09:35:19,198 [WARN] PackLoader:240 - Cannot read IP mode file for STMicroelectronics.X-CUBE-ISPU.2.1.0
2026-02-11 09:35:19,206 [ERROR] Engine:466 - /Users/yurihivachenko/.stm32cubemx/thirdparties/pdsc/STMicroelectronics.X-CUBE-IPS.3.2.0.pdsc: PDSC version is not supported
2026-02-11 09:35:19,217 [WARN] PackLoader:240 - Cannot read IP mode file for STMicroelectronics.X-CUBE-NFC12.1.0.0
2026-02-11 09:35:19,256 [WARN] PackLoader:240 - Cannot read IP mode file for STMicroelectronics.X-CUBE-AZRTOS-L5.2.0.0
2026-02-11 09:35:19,284 [WARN] PackLoader:240 - Cannot read IP mode file for STMicroelectronics.X-CUBE-NFC6.3.1.0
2026-02-11 09:35:19,301 [WARN] PackLoader:240 - Cannot read IP mode file for STMicroelectronics.X-CUBE-FREERTOS.1.3.1
2026-02-11 09:35:19,313 [WARN] PackLoader:240 - Cannot read IP mode file for STMicroelectronics.X-CUBE-TOUCHGFX.4.26.0
2026-02-11 09:35:19,328 [WARN] PackLoader:240 - Cannot read IP mode file for STMicroelectronics.FP-SNS-STAIOTCFT.1.0.0
2026-02-11 09:35:19,342 [WARN] PackLoader:240 - Cannot read IP mode file for STMicroelectronics.X-CUBE-DPower.1.3.0
2026-02-11 09:35:19,376 [WARN] ConditionMgr:438 - getConditionDescription Invalid condition id : LAN8742 Phy interface Condition cause : null
2026-02-11 09:35:19,378 [WARN] PackLoader:240 - Cannot read IP mode file for STMicroelectronics.X-CUBE-AZRTOS-L4.2.0.0
2026-02-11 09:35:19,382 [WARN] ConditionMgr:1044 - genDependencies : Invalid condition id : LAN8742 Phy interface Condition cause : null
2026-02-11 09:35:19,383 [WARN] ConditionMgr:1044 - genDependencies : Invalid condition id : LAN8742 Phy interface Condition cause : null
2026-02-11 09:35:19,385 [WARN] ConditionMgr:1044 - genDependencies : Invalid condition id : LAN8742 Phy interface Condition cause : null
2026-02-11 09:35:19,398 [WARN] PackLoader:240 - Cannot read IP mode file for STMicroelectronics.X-CUBE-SFXS2LP1.4.0.0
2026-02-11 09:35:19,405 [ERROR] Engine:466 - /Users/yurihivachenko/.stm32cubemx/thirdparties/pdsc/STMicroelectronics.X-CUBE-ST67W61.1.2.0.pdsc: PDSC version is not supported
2026-02-11 09:35:19,443 [WARN] PackLoader:240 - Cannot read IP mode file for STMicroelectronics.X-CUBE-AZRTOS-H7.3.3.0
2026-02-11 09:35:19,488 [WARN] PackLoader:240 - Cannot read IP mode file for STMicroelectronics.X-CUBE-BLEMGR.4.1.0
2026-02-11 09:35:19,517 [WARN] ConditionMgr:438 - getConditionDescription Invalid condition id : UX DEVICE CLASS RTOS Condition cause : null
2026-02-11 09:35:19,517 [WARN] ConditionMgr:438 - getConditionDescription Invalid condition id : UX DEVICE CLASS RTOS Condition cause : null
2026-02-11 09:35:19,523 [WARN] PackLoader:240 - Cannot read IP mode file for STMicroelectronics.X-CUBE-AZRTOS-WB.2.0.0
2026-02-11 09:35:19,525 [WARN] ConditionMgr:1044 - genDependencies : Invalid condition id : UX DEVICE CLASS RTOS Condition cause : null
2026-02-11 09:35:19,525 [WARN] ConditionMgr:1044 - genDependencies : Invalid condition id : UX DEVICE CLASS RTOS Condition cause : null
2026-02-11 09:35:19,528 [WARN] ConditionMgr:1044 - genDependencies : Invalid condition id : UX DEVICE CLASS RTOS Condition cause : null
2026-02-11 09:35:19,529 [WARN] ConditionMgr:1044 - genDependencies : Invalid condition id : UX DEVICE CLASS RTOS Condition cause : null
2026-02-11 09:35:19,529 [WARN] ConditionMgr:1044 - genDependencies : Invalid condition id : UX DEVICE CLASS RTOS Condition cause : null
2026-02-11 09:35:19,542 [WARN] PackLoader:240 - Cannot read IP mode file for STMicroelectronics.X-CUBE-GNSS1.7.0.1
2026-02-11 09:35:19,547 [WARN] PackLoader:240 - Cannot read IP mode file for STMicroelectronics.X-CUBE-TOUCHGFX.4.25.0
2026-02-11 09:35:19,557 [WARN] PackLoader:240 - Cannot read IP mode file for STMicroelectronics.FP-SNS-STBOX1.2.0.0
2026-02-11 09:35:19,571 [WARN] PackLoader:240 - Cannot read IP mode file for STMicroelectronics.X-CUBE-STSE01.2.0.0
2026-02-11 09:35:19,591 [WARN] PackLoader:240 - Cannot read IP mode file for STMicroelectronics.X-CUBE-SUBG2.5.0.0
2026-02-11 09:35:19,649 [WARN] PackLoader:240 - Cannot read IP mode file for STMicroelectronics.X-CUBE-AZRTOS-H7RS.1.1.0
2026-02-11 09:35:19,663 [WARN] PackLoader:240 - Cannot read IP mode file for Cesanta.I-CUBE-Mongoose.7.13.0
2026-02-11 09:35:19,688 [WARN] PackLoader:240 - Cannot read IP mode file for STMicroelectronics.X-CUBE-AZRTOS-G4.2.0.0
2026-02-11 09:35:19,697 [WARN] PackLoader:240 - Cannot read IP mode file for wolfSSL.I-CUBE-wolfSSH.1.4.20
2026-02-11 09:35:19,704 [WARN] PackLoader:240 - Cannot read IP mode file for STMicroelectronics.X-CUBE-NFC7.2.0.0
2026-02-11 09:35:19,721 [WARN] PackLoader:240 - Cannot read IP mode file for STMicroelectronics.X-CUBE-IPS.3.1.0
2026-02-11 09:35:19,733 [WARN] PackLoader:240 - Cannot read IP mode file for STMicroelectronics.X-CUBE-ALS.1.0.2
2026-02-11 09:35:19,741 [WARN] PackLoader:240 - Cannot read IP mode file for portGmbH.I-Cube-SoM-uGOAL.1.1.0
2026-02-11 09:35:19,761 [WARN] PackLoader:240 - Cannot read IP mode file for STMicroelectronics.X-CUBE-TOF1.3.4.3
2026-02-11 09:35:19,813 [INFO] ThirdParty:978 - Integrity check success = true
2026-02-11 09:35:19,814 [INFO] IntegrityCheckThread:100 - exiting critical section [integrity check]
2026-02-11 09:35:19,814 [INFO] IntegrityCheckThread:103 - End integrity checks thread
